<?xml version="1.0" encoding="UTF-8"?>
<!-- Generated by org.testng.reporters.JUnitReportReporter -->
<testsuite skipped="0" hostname="PRO-RAET-AVINASH" name="com.qa.tests.PostAPITest" tests="1" failures="0" timestamp="30 Oct 2018 11:25:53 GMT" time="1.219" errors="0">
  <testcase name="postApiTest" time="1.219" classname="com.qa.tests.PostAPITest"/>
</testsuite> <!-- com.qa.tests.PostAPITest -->
