<?xml version="1.0" encoding="UTF-8"?>
<!-- Generated by org.testng.reporters.JUnitReportReporter -->
<testsuite skipped="0" hostname="PRO-RAET-AVINASH" name="com.qa.tests.GetAPITest" tests="2" failures="0" timestamp="26 Oct 2018 10:11:19 GMT" time="1.907" errors="0">
  <testcase name="getUsersWithHeaders" time="1.296" classname="com.qa.tests.GetAPITest"/>
  <testcase name="getUsersWithoutHeaders" time="0.611" classname="com.qa.tests.GetAPITest"/>
</testsuite> <!-- com.qa.tests.GetAPITest -->
